<?xml version="1.0" encoding="UTF-8"?>
<!-- Generated by org.testng.reporters.JUnitXMLReporter -->
<testsuite ignored="0" hostname="BDC8-L-13447R1" failures="0" tests="4" name="Default test" time="3.23" errors="0" timestamp="2023-04-14T13:57:06 IST">
  <testcase classname="Project.APIAutoTest" name="PostApiAutoTest" time="1.947"/>
  <testcase classname="Project.APIAutoTest" name="deletApiAutoTest" time="0.393"/>
  <testcase classname="Project.APIAutoTest" name="getApiAutoTest" time="0.055"/>
  <testcase classname="Project.APIAutoTest" name="putApiAutoTest" time="0.8"/>
</testsuite> <!-- Default test -->
