<?xml version="1.0" encoding="UTF-8"?>
<testng-results ignored="0" total="4" passed="4" failed="0" skipped="0">
  <reporter-output>
  </reporter-output>
  <suite started-at="2023-04-14T13:57:03 IST" name="Default suite" finished-at="2023-04-14T13:57:06 IST" duration-ms="3230">
    <groups>
    </groups>
    <test started-at="2023-04-14T13:57:03 IST" name="Default test" finished-at="2023-04-14T13:57:06 IST" duration-ms="3230">
      <class name="Project.APIAutoTest">
        <test-method signature="PostApiAutoTest()[pri:0, instance:Project.APIAutoTest@4690b489]" started-at="2023-04-14T13:57:03 IST" name="PostApiAutoTest" finished-at="2023-04-14T13:57:05 IST" duration-ms="1947" status="PASS">
          <reporter-output>
          </reporter-output>
        </test-method> <!-- PostApiAutoTest -->
        <test-method signature="deletApiAutoTest()[pri:0, instance:Project.APIAutoTest@4690b489]" started-at="2023-04-14T13:57:05 IST" name="deletApiAutoTest" finished-at="2023-04-14T13:57:05 IST" duration-ms="393" status="PASS">
          <reporter-output>
          </reporter-output>
        </test-method> <!-- deletApiAutoTest -->
        <test-method signature="getApiAutoTest()[pri:0, instance:Project.APIAutoTest@4690b489]" started-at="2023-04-14T13:57:05 IST" name="getApiAutoTest" finished-at="2023-04-14T13:57:05 IST" duration-ms="55" status="PASS">
          <reporter-output>
          </reporter-output>
        </test-method> <!-- getApiAutoTest -->
        <test-method signature="putApiAutoTest()[pri:0, instance:Project.APIAutoTest@4690b489]" started-at="2023-04-14T13:57:05 IST" name="putApiAutoTest" finished-at="2023-04-14T13:57:06 IST" duration-ms="800" status="PASS">
          <reporter-output>
          </reporter-output>
        </test-method> <!-- putApiAutoTest -->
      </class> <!-- Project.APIAutoTest -->
    </test> <!-- Default test -->
  </suite> <!-- Default suite -->
</testng-results>
